<?xml version="1.0" encoding="utf-8"?><testsuites name="pytest tests"><testsuite name="pytest" errors="0" failures="0" skipped="0" tests="66" time="22.937" timestamp="2026-04-26T05:33:09.965433+00:00" hostname="agent-env-8d9e0af4-1eeb-4954-8051-8dac3ae32377"><testcase classname="tests.test_bir_backend.TestHealth" name="test_root" time="0.125" /><testcase classname="tests.test_bir_backend.TestHealth" name="test_health" time="0.125" /><testcase classname="tests.test_bir_backend.TestAuth" name="test_register_and_cookies" time="0.335" /><testcase classname="tests.test_bir_backend.TestAuth" name="test_register_duplicate" time="0.382" /><testcase classname="tests.test_bir_backend.TestAuth" name="test_admin_login" time="0.332" /><testcase classname="tests.test_bir_backend.TestAuth" name="test_login_invalid" time="0.326" /><testcase classname="tests.test_bir_backend.TestAuth" name="test_me_with_cookies" time="0.373" /><testcase classname="tests.test_bir_backend.TestAuth" name="test_me_unauthenticated" time="0.101" /><testcase classname="tests.test_bir_backend.TestAuth" name="test_logout_clears_cookies" time="0.430" /><testcase classname="tests.test_bir_backend.TestAuth" name="test_protected_endpoints_require_auth" time="0.745" /><testcase classname="tests.test_bir_backend.TestBusinessProfile" name="test_profile_created_and_user_marked_onboarded" time="0.468" /><testcase classname="tests.test_bir_backend.TestBusinessProfile" name="test_deadlines_generated_after_profile" time="0.045" /><testcase classname="tests.test_bir_backend.TestBusinessProfile" name="test_graduated_has_2551q_deadlines" time="0.440" /><testcase classname="tests.test_bir_backend.TestForm1701QFlat" name="test_8pct_flat_correct_math" time="0.047" /><testcase classname="tests.test_bir_backend.TestForm1701QFlat" name="test_8pct_flat_below_exemption" time="0.048" /><testcase classname="tests.test_bir_backend.TestForm1701QGraduated" name="test_graduated_train_brackets" time="0.057" /><testcase classname="tests.test_bir_backend.TestForm1701QGraduated" name="test_graduated_below_250k_zero" time="0.061" /><testcase classname="tests.test_bir_backend.TestForm2551Q" name="test_2551q_rejected_for_8pct_flat" time="0.053" /><testcase classname="tests.test_bir_backend.TestForm2551Q" name="test_2551q_3pct_for_graduated_non_vat" time="0.054" /><testcase classname="tests.test_bir_backend.TestFilingHistory" name="test_history_returns_user_filings" time="0.045" /><testcase classname="tests.test_bir_backend.TestFilingHistory" name="test_mark_submitted_completes_deadline" time="0.212" /><testcase classname="tests.test_bir_backend.TestAI" name="test_ai_chat_filipino_bir_context" time="3.764" /><testcase classname="tests.test_bir_backend.TestAdmin" name="test_admin_metrics" time="0.051" /><testcase classname="tests.test_bir_backend.TestAdmin" name="test_admin_metrics_forbidden_for_user" time="0.045" /><testcase classname="tests.test_bir_backend.TestAdmin" name="test_admin_bir_rules_list" time="0.054" /><testcase classname="tests.test_bir_backend.TestAdmin" name="test_admin_update_bir_rule" time="0.048" /><testcase classname="tests.test_bir_backend.TestAdmin" name="test_admin_update_unknown_rule" time="0.045" /><testcase classname="tests.test_bir_backend.TestBilling" name="test_list_plans" time="0.124" /><testcase classname="tests.test_bir_backend.TestBilling" name="test_checkout_activates_subscription" time="0.158" /><testcase classname="tests.test_bir_backend.TestBilling" name="test_checkout_invalid_plan" time="0.046" /><testcase classname="tests.test_bir_phase2.TestRunRemindersRBAC" name="test_unauth_401" time="0.108" /><testcase classname="tests.test_bir_phase2.TestRunRemindersRBAC" name="test_regular_user_403" time="0.417" /><testcase classname="tests.test_bir_phase2.TestRunRemindersRBAC" name="test_admin_200_with_report_shape" time="0.399" /><testcase classname="tests.test_bir_phase2.TestRemindersDedup" name="test_dedup_does_not_double_insert" time="0.122" /><testcase classname="tests.test_bir_phase2.TestRemindersDedup" name="test_reminders_sent_status_is_disabled_when_no_resend_key" time="0.001" /><testcase classname="tests.test_bir_phase2.TestExportXML" name="test_xml_unauthenticated" time="0.159" /><testcase classname="tests.test_bir_phase2.TestExportXML" name="test_xml_unknown_filing" time="0.046" /><testcase classname="tests.test_bir_phase2.TestExportXML" name="test_xml_other_user_404" time="0.388" /><testcase classname="tests.test_bir_phase2.TestExportXML" name="test_xml_valid_structure" time="0.049" /><testcase classname="tests.test_bir_phase2.TestExportPDF" name="test_pdf_unauthenticated" time="0.119" /><testcase classname="tests.test_bir_phase2.TestExportPDF" name="test_pdf_unknown_filing" time="0.046" /><testcase classname="tests.test_bir_phase2.TestExportPDF" name="test_pdf_other_user_404" time="0.369" /><testcase classname="tests.test_bir_phase2.TestExportPDF" name="test_pdf_valid_binary" time="0.051" /><testcase classname="tests.test_bir_phase3" name="test_config_reports_mock_when_keys_empty" time="0.111" /><testcase classname="tests.test_bir_phase3" name="test_plans_catalog_intact" time="0.102" /><testcase classname="tests.test_bir_phase3" name="test_checkout_requires_auth" time="0.099" /><testcase classname="tests.test_bir_phase3" name="test_mock_checkout_activates_subscription" time="0.396" /><testcase classname="tests.test_bir_phase3" name="test_get_subscription_returns_active_doc" time="0.048" /><testcase classname="tests.test_bir_phase3" name="test_attach_payment_400_when_no_keys" time="0.050" /><testcase classname="tests.test_bir_phase3" name="test_cancel_subscription" time="0.098" /><testcase classname="tests.test_bir_phase3" name="test_webhook_accepted_unverified_in_mock_mode" time="1.117" /><testcase classname="tests.test_bir_phase3" name="test_webhook_status_mapping[cancelled-canceled]" time="1.602" /><testcase classname="tests.test_bir_phase3" name="test_webhook_status_mapping[incomplete_cancelled-canceled]" time="1.660" /><testcase classname="tests.test_bir_phase3" name="test_webhook_status_mapping[unpaid-past_due]" time="1.605" /><testcase classname="tests.test_bir_phase3" name="test_webhook_invoice_paid_creates_payment_and_activates" time="1.611" /><testcase classname="tests.test_bir_phase3" name="test_webhook_invoice_payment_failed_flips_past_due" time="1.606" /><testcase classname="tests.test_bir_phase3" name="test_verify_webhook_signature_valid_te" time="0.048" /><testcase classname="tests.test_bir_phase3" name="test_verify_webhook_signature_valid_li" time="0.000" /><testcase classname="tests.test_bir_phase3" name="test_verify_webhook_signature_mismatch_returns_false" time="0.000" /><testcase classname="tests.test_bir_phase3" name="test_verify_webhook_signature_missing_t_returns_false" time="0.000" /><testcase classname="tests.test_bir_phase3" name="test_verify_webhook_signature_empty_secret_returns_false" time="0.000" /><testcase classname="tests.test_bir_phase3" name="test_paymongo_is_configured_and_public_key_when_empty" time="0.000" /><testcase classname="tests.test_bir_phase3" name="test_webhook_403_with_bad_signature_when_secret_set" time="0.125" /><testcase classname="tests.test_bir_phase3" name="test_user_has_managed_by_cpa_id_field_on_register" time="0.327" /><testcase classname="tests.test_bir_phase3" name="test_user_model_managed_by_cpa_id_serializes_for_existing_user" time="0.373" /><testcase classname="tests.test_bir_phase3" name="test_regression_admin_and_auth_health" time="0.377" /></testsuite></testsuites>