<?xml version="1.0" encoding="utf-8"?><testsuites name="pytest tests"><testsuite name="pytest" errors="0" failures="0" skipped="0" tests="13" time="2.766" timestamp="2026-04-26T05:03:04.612292+00:00" hostname="agent-env-8d9e0af4-1eeb-4954-8051-8dac3ae32377"><testcase classname="backend.tests.test_bir_phase2.TestRunRemindersRBAC" name="test_unauth_401" time="0.207" /><testcase classname="backend.tests.test_bir_phase2.TestRunRemindersRBAC" name="test_regular_user_403" time="0.471" /><testcase classname="backend.tests.test_bir_phase2.TestRunRemindersRBAC" name="test_admin_200_with_report_shape" time="0.423" /><testcase classname="backend.tests.test_bir_phase2.TestRemindersDedup" name="test_dedup_does_not_double_insert" time="0.137" /><testcase classname="backend.tests.test_bir_phase2.TestRemindersDedup" name="test_reminders_sent_status_is_disabled_when_no_resend_key" time="0.001" /><testcase classname="backend.tests.test_bir_phase2.TestExportXML" name="test_xml_unauthenticated" time="0.155" /><testcase classname="backend.tests.test_bir_phase2.TestExportXML" name="test_xml_unknown_filing" time="0.043" /><testcase classname="backend.tests.test_bir_phase2.TestExportXML" name="test_xml_other_user_404" time="0.421" /><testcase classname="backend.tests.test_bir_phase2.TestExportXML" name="test_xml_valid_structure" time="0.050" /><testcase classname="backend.tests.test_bir_phase2.TestExportPDF" name="test_pdf_unauthenticated" time="0.107" /><testcase classname="backend.tests.test_bir_phase2.TestExportPDF" name="test_pdf_unknown_filing" time="0.043" /><testcase classname="backend.tests.test_bir_phase2.TestExportPDF" name="test_pdf_other_user_404" time="0.380" /><testcase classname="backend.tests.test_bir_phase2.TestExportPDF" name="test_pdf_valid_binary" time="0.052" /></testsuite></testsuites>