<?xml version="1.0" encoding="utf-8"?><testsuites name="pytest tests"><testsuite name="pytest" errors="0" failures="0" skipped="0" tests="23" time="11.811" timestamp="2026-04-26T05:32:53.797926+00:00" hostname="agent-env-8d9e0af4-1eeb-4954-8051-8dac3ae32377"><testcase classname="tests.test_bir_phase3" name="test_config_reports_mock_when_keys_empty" time="0.197" /><testcase classname="tests.test_bir_phase3" name="test_plans_catalog_intact" time="0.134" /><testcase classname="tests.test_bir_phase3" name="test_checkout_requires_auth" time="0.137" /><testcase classname="tests.test_bir_phase3" name="test_mock_checkout_activates_subscription" time="0.386" /><testcase classname="tests.test_bir_phase3" name="test_get_subscription_returns_active_doc" time="0.047" /><testcase classname="tests.test_bir_phase3" name="test_attach_payment_400_when_no_keys" time="0.048" /><testcase classname="tests.test_bir_phase3" name="test_cancel_subscription" time="0.092" /><testcase classname="tests.test_bir_phase3" name="test_webhook_accepted_unverified_in_mock_mode" time="1.266" /><testcase classname="tests.test_bir_phase3" name="test_webhook_status_mapping[cancelled-canceled]" time="1.627" /><testcase classname="tests.test_bir_phase3" name="test_webhook_status_mapping[incomplete_cancelled-canceled]" time="1.610" /><testcase classname="tests.test_bir_phase3" name="test_webhook_status_mapping[unpaid-past_due]" time="1.630" /><testcase classname="tests.test_bir_phase3" name="test_webhook_invoice_paid_creates_payment_and_activates" time="1.638" /><testcase classname="tests.test_bir_phase3" name="test_webhook_invoice_payment_failed_flips_past_due" time="1.601" /><testcase classname="tests.test_bir_phase3" name="test_verify_webhook_signature_valid_te" time="0.047" /><testcase classname="tests.test_bir_phase3" name="test_verify_webhook_signature_valid_li" time="0.001" /><testcase classname="tests.test_bir_phase3" name="test_verify_webhook_signature_mismatch_returns_false" time="0.000" /><testcase classname="tests.test_bir_phase3" name="test_verify_webhook_signature_missing_t_returns_false" time="0.000" /><testcase classname="tests.test_bir_phase3" name="test_verify_webhook_signature_empty_secret_returns_false" time="0.000" /><testcase classname="tests.test_bir_phase3" name="test_paymongo_is_configured_and_public_key_when_empty" time="0.000" /><testcase classname="tests.test_bir_phase3" name="test_webhook_403_with_bad_signature_when_secret_set" time="0.099" /><testcase classname="tests.test_bir_phase3" name="test_user_has_managed_by_cpa_id_field_on_register" time="0.345" /><testcase classname="tests.test_bir_phase3" name="test_user_model_managed_by_cpa_id_serializes_for_existing_user" time="0.374" /><testcase classname="tests.test_bir_phase3" name="test_regression_admin_and_auth_health" time="0.378" /></testsuite></testsuites>