<?xml version="1.0" encoding="utf-8"?><testsuites name="pytest tests"><testsuite name="pytest" errors="0" failures="0" skipped="0" tests="30" time="10.510" timestamp="2026-04-26T04:46:40.053806+00:00" hostname="agent-env-8d9e0af4-1eeb-4954-8051-8dac3ae32377"><testcase classname="backend.tests.test_bir_backend.TestHealth" name="test_root" time="0.230" /><testcase classname="backend.tests.test_bir_backend.TestHealth" name="test_health" time="0.106" /><testcase classname="backend.tests.test_bir_backend.TestAuth" name="test_register_and_cookies" time="0.388" /><testcase classname="backend.tests.test_bir_backend.TestAuth" name="test_register_duplicate" time="0.382" /><testcase classname="backend.tests.test_bir_backend.TestAuth" name="test_admin_login" time="0.340" /><testcase classname="backend.tests.test_bir_backend.TestAuth" name="test_login_invalid" time="0.335" /><testcase classname="backend.tests.test_bir_backend.TestAuth" name="test_me_with_cookies" time="0.381" /><testcase classname="backend.tests.test_bir_backend.TestAuth" name="test_me_unauthenticated" time="0.136" /><testcase classname="backend.tests.test_bir_backend.TestAuth" name="test_logout_clears_cookies" time="0.458" /><testcase classname="backend.tests.test_bir_backend.TestAuth" name="test_protected_endpoints_require_auth" time="1.072" /><testcase classname="backend.tests.test_bir_backend.TestBusinessProfile" name="test_profile_created_and_user_marked_onboarded" time="0.574" /><testcase classname="backend.tests.test_bir_backend.TestBusinessProfile" name="test_deadlines_generated_after_profile" time="0.051" /><testcase classname="backend.tests.test_bir_backend.TestBusinessProfile" name="test_graduated_has_2551q_deadlines" time="0.419" /><testcase classname="backend.tests.test_bir_backend.TestForm1701QFlat" name="test_8pct_flat_correct_math" time="0.083" /><testcase classname="backend.tests.test_bir_backend.TestForm1701QFlat" name="test_8pct_flat_below_exemption" time="0.072" /><testcase classname="backend.tests.test_bir_backend.TestForm1701QGraduated" name="test_graduated_train_brackets" time="0.047" /><testcase classname="backend.tests.test_bir_backend.TestForm1701QGraduated" name="test_graduated_below_250k_zero" time="0.046" /><testcase classname="backend.tests.test_bir_backend.TestForm2551Q" name="test_2551q_rejected_for_8pct_flat" time="0.051" /><testcase classname="backend.tests.test_bir_backend.TestForm2551Q" name="test_2551q_3pct_for_graduated_non_vat" time="0.047" /><testcase classname="backend.tests.test_bir_backend.TestFilingHistory" name="test_history_returns_user_filings" time="0.055" /><testcase classname="backend.tests.test_bir_backend.TestFilingHistory" name="test_mark_submitted_completes_deadline" time="0.183" /><testcase classname="backend.tests.test_bir_backend.TestAI" name="test_ai_chat_filipino_bir_context" time="4.172" /><testcase classname="backend.tests.test_bir_backend.TestAdmin" name="test_admin_metrics" time="0.059" /><testcase classname="backend.tests.test_bir_backend.TestAdmin" name="test_admin_metrics_forbidden_for_user" time="0.052" /><testcase classname="backend.tests.test_bir_backend.TestAdmin" name="test_admin_bir_rules_list" time="0.047" /><testcase classname="backend.tests.test_bir_backend.TestAdmin" name="test_admin_update_bir_rule" time="0.051" /><testcase classname="backend.tests.test_bir_backend.TestAdmin" name="test_admin_update_unknown_rule" time="0.049" /><testcase classname="backend.tests.test_bir_backend.TestBilling" name="test_list_plans" time="0.136" /><testcase classname="backend.tests.test_bir_backend.TestBilling" name="test_checkout_activates_subscription" time="0.173" /><testcase classname="backend.tests.test_bir_backend.TestBilling" name="test_checkout_invalid_plan" time="0.059" /></testsuite></testsuites>